<?xml version="1.0" encoding="windows-1252" standalone="no"?>
<!DOCTYPE log SYSTEM "logger.dtd">
<log>
<record>
  <date>2019-10-01T14:04:53</date>
  <millis>1569931493797</millis>
  <sequence>0</sequence>
  <logger>server.ChatServer</logger>
  <level>CONFIG</level>
  <class>server.ChatServer</class>
  <method>main</method>
  <thread>1</thread>
  <message>System Properties are set.</message>
</record>
<record>
  <date>2019-10-01T14:04:54</date>
  <millis>1569931494565</millis>
  <sequence>1</sequence>
  <logger>server.ChatServer</logger>
  <level>CONFIG</level>
  <class>server.ChatServer</class>
  <method>main</method>
  <thread>1</thread>
  <message>Server is started.</message>
</record>
<record>
  <date>2019-10-01T14:04:54</date>
  <millis>1569931494876</millis>
  <sequence>2</sequence>
  <logger>server.ChatServer</logger>
  <level>CONFIG</level>
  <class>server.ChatServer</class>
  <method>main</method>
  <thread>1</thread>
  <message>Queues created.</message>
</record>
<record>
  <date>2019-10-01T14:05:28</date>
  <millis>1569931528747</millis>
  <sequence>3</sequence>
  <logger>server.ChatServer</logger>
  <level>CONFIG</level>
  <class>server.ChatServer</class>
  <method>main</method>
  <thread>1</thread>
  <message>User connected.</message>
</record>
<record>
  <date>2019-10-01T14:06:03</date>
  <millis>1569931563016</millis>
  <sequence>5</sequence>
  <logger>server.ChatServer</logger>
  <level>CONFIG</level>
  <class>server.ChatServer</class>
  <method>main</method>
  <thread>1</thread>
  <message>User connected.</message>
</record>
<record>
  <date>2019-10-01T14:08:11</date>
  <millis>1569931691291</millis>
  <sequence>13</sequence>
  <logger>server.ChatServer</logger>
  <level>CONFIG</level>
  <class>server.ChatServer</class>
  <method>main</method>
  <thread>1</thread>
  <message>User connected.</message>
</record>
